This is pdfTeX, Version 3.141592653-2.6-1.40.24 (MiKTeX 22.3) (preloaded format=pdflatex 2022.4.25)  10 NOV 2022 19:45
entering extended mode
 restricted \write18 enabled.
 file:line:error style messages enabled.
 %&-line parsing enabled.
**"D:/Unicamp/MC920/Lab 4/report/report.tex"
(D:/Unicamp/MC920/Lab 4/report/report.tex
LaTeX2e <2021-11-15> patch level 1
L3 programming layer <2022-02-24> (C:\Users\rianr\AppData\Local\Programs\MiKTeX
\tex/latex/base\article.cls
Document Class: article 2021/10/04 v1.4n Standard LaTeX document class
(C:\Users\rianr\AppData\Local\Programs\MiKTeX\tex/latex/base\size12.clo
File: size12.clo 2021/10/04 v1.4n Standard LaTeX file (size option)
)
\c@part=\count185
\c@section=\count186
\c@subsection=\count187
\c@subsubsection=\count188
\c@paragraph=\count189
\c@subparagraph=\count190
\c@figure=\count191
\c@table=\count192
\abovecaptionskip=\skip47
\belowcaptionskip=\skip48
\bibindent=\dimen138
) (C:\Users\rianr\AppData\Local\Programs\MiKTeX\tex/latex/base\inputenc.sty
Package: inputenc 2021/02/14 v1.3d Input encoding file
\inpenc@prehook=\toks16
\inpenc@posthook=\toks17
) (C:\Users\rianr\AppData\Local\Programs\MiKTeX\tex/latex/tools\indentfirst.sty
Package: indentfirst 1995/11/23 v1.03 Indent first paragraph (DPC)
) (C:\Users\rianr\AppData\Local\Programs\MiKTeX\tex/latex/graphics\graphicx.sty
Package: graphicx 2021/09/16 v1.2d Enhanced LaTeX Graphics (DPC,SPQR)
(C:\Users\rianr\AppData\Local\Programs\MiKTeX\tex/latex/graphics\keyval.sty
Package: keyval 2014/10/28 v1.15 key=value parser (DPC)
\KV@toks@=\toks18
) (C:\Users\rianr\AppData\Local\Programs\MiKTeX\tex/latex/graphics\graphics.sty
Package: graphics 2021/03/04 v1.4d Standard LaTeX Graphics (DPC,SPQR)
(C:\Users\rianr\AppData\Local\Programs\MiKTeX\tex/latex/graphics\trig.sty
Package: trig 2021/08/11 v1.11 sin cos tan (DPC)
)
(C:\Users\rianr\AppData\Local\Programs\MiKTeX\tex/latex/graphics-cfg\graphics.c
fg
File: graphics.cfg 2016/06/04 v1.11 sample graphics configuration
)
Package graphics Info: Driver file: pdftex.def on input line 107.

(C:\Users\rianr\AppData\Local\Programs\MiKTeX\tex/latex/graphics-def\pdftex.def
File: pdftex.def 2020/10/05 v1.2a Graphics/color driver for pdftex
))
\Gin@req@height=\dimen139
\Gin@req@width=\dimen140
) (C:\Users\rianr\AppData\Local\Programs\MiKTeX\tex/latex/float\float.sty
Package: float 2001/11/08 v1.3d Float enhancements (AL)
\c@float@type=\count193
\float@exts=\toks19
\float@box=\box50
\@float@everytoks=\toks20
\@floatcapt=\box51
) (C:\Users\rianr\AppData\Local\Programs\MiKTeX\tex/latex/hyperref\hyperref.sty
Package: hyperref 2022-02-21 v7.00n Hypertext links for LaTeX
(C:\Users\rianr\AppData\Local\Programs\MiKTeX\tex/generic/ltxcmds\ltxcmds.sty
Package: ltxcmds 2020-05-10 v1.25 LaTeX kernel commands for general use (HO)
) (C:\Users\rianr\AppData\Local\Programs\MiKTeX\tex/generic/iftex\iftex.sty
Package: iftex 2022/02/03 v1.0f TeX engine tests
)
(C:\Users\rianr\AppData\Local\Programs\MiKTeX\tex/generic/pdftexcmds\pdftexcmds
.sty
Package: pdftexcmds 2020-06-27 v0.33 Utility functions of pdfTeX for LuaTeX (HO
)

(C:\Users\rianr\AppData\Local\Programs\MiKTeX\tex/generic/infwarerr\infwarerr.s
ty
Package: infwarerr 2019/12/03 v1.5 Providing info/warning/error messages (HO)
)
Package pdftexcmds Info: \pdf@primitive is available.
Package pdftexcmds Info: \pdf@ifprimitive is available.
Package pdftexcmds Info: \pdfdraftmode found.
)
(C:\Users\rianr\AppData\Local\Programs\MiKTeX\tex/generic/kvsetkeys\kvsetkeys.s
ty
Package: kvsetkeys 2019/12/15 v1.18 Key value parser (HO)
)
(C:\Users\rianr\AppData\Local\Programs\MiKTeX\tex/generic/kvdefinekeys\kvdefine
keys.sty
Package: kvdefinekeys 2019-12-19 v1.6 Define keys (HO)
)
(C:\Users\rianr\AppData\Local\Programs\MiKTeX\tex/generic/pdfescape\pdfescape.s
ty
Package: pdfescape 2019/12/09 v1.15 Implements pdfTeX's escape features (HO)
) (C:\Users\rianr\AppData\Local\Programs\MiKTeX\tex/latex/hycolor\hycolor.sty
Package: hycolor 2020-01-27 v1.10 Color options for hyperref/bookmark (HO)
)
(C:\Users\rianr\AppData\Local\Programs\MiKTeX\tex/latex/letltxmacro\letltxmacro
.sty
Package: letltxmacro 2019/12/03 v1.6 Let assignment for LaTeX macros (HO)
) (C:\Users\rianr\AppData\Local\Programs\MiKTeX\tex/latex/auxhook\auxhook.sty
Package: auxhook 2019-12-17 v1.6 Hooks for auxiliary files (HO)
)
(C:\Users\rianr\AppData\Local\Programs\MiKTeX\tex/latex/kvoptions\kvoptions.sty
Package: kvoptions 2020-10-07 v3.14 Key value format for package options (HO)
)
\@linkdim=\dimen141
\Hy@linkcounter=\count194
\Hy@pagecounter=\count195
(C:\Users\rianr\AppData\Local\Programs\MiKTeX\tex/latex/hyperref\pd1enc.def
File: pd1enc.def 2022-02-21 v7.00n Hyperref: PDFDocEncoding definition (HO)
Now handling font encoding PD1 ...
... no UTF-8 mapping file for font encoding PD1
) (C:\Users\rianr\AppData\Local\Programs\MiKTeX\tex/generic/intcalc\intcalc.sty
Package: intcalc 2019/12/15 v1.3 Expandable calculations with integers (HO)
)
(C:\Users\rianr\AppData\Local\Programs\MiKTeX\tex/generic/etexcmds\etexcmds.sty
Package: etexcmds 2019/12/15 v1.7 Avoid name clashes with e-TeX commands (HO)
)
\Hy@SavedSpaceFactor=\count196
(C:\Users\rianr\AppData\Local\Programs\MiKTeX\tex/latex/hyperref\puenc.def
File: puenc.def 2022-02-21 v7.00n Hyperref: PDF Unicode definition (HO)
Now handling font encoding PU ...
... no UTF-8 mapping file for font encoding PU
)
Package hyperref Info: Hyper figures OFF on input line 4137.
Package hyperref Info: Link nesting OFF on input line 4142.
Package hyperref Info: Hyper index ON on input line 4145.
Package hyperref Info: Plain pages OFF on input line 4152.
Package hyperref Info: Backreferencing OFF on input line 4157.
Package hyperref Info: Implicit mode ON; LaTeX internals redefined.
Package hyperref Info: Bookmarks ON on input line 4390.
\c@Hy@tempcnt=\count197
(C:\Users\rianr\AppData\Local\Programs\MiKTeX\tex/latex/url\url.sty
\Urlmuskip=\muskip16
Package: url 2013/09/16  ver 3.4  Verb mode for urls, etc.
)
LaTeX Info: Redefining \url on input line 4749.
\XeTeXLinkMargin=\dimen142
(C:\Users\rianr\AppData\Local\Programs\MiKTeX\tex/generic/bitset\bitset.sty
Package: bitset 2019/12/09 v1.3 Handle bit-vector datatype (HO)

(C:\Users\rianr\AppData\Local\Programs\MiKTeX\tex/generic/bigintcalc\bigintcalc
.sty
Package: bigintcalc 2019/12/15 v1.5 Expandable calculations on big integers (HO
)
))
\Fld@menulength=\count198
\Field@Width=\dimen143
\Fld@charsize=\dimen144
Package hyperref Info: Hyper figures OFF on input line 6027.
Package hyperref Info: Link nesting OFF on input line 6032.
Package hyperref Info: Hyper index ON on input line 6035.
Package hyperref Info: backreferencing OFF on input line 6042.
Package hyperref Info: Link coloring OFF on input line 6047.
Package hyperref Info: Link coloring with OCG OFF on input line 6052.
Package hyperref Info: PDF/A mode OFF on input line 6057.
LaTeX Info: Redefining \ref on input line 6097.
LaTeX Info: Redefining \pageref on input line 6101.
(C:\Users\rianr\AppData\Local\Programs\MiKTeX\tex/latex/base\atbegshi-ltx.sty
Package: atbegshi-ltx 2021/01/10 v1.0c Emulation of the original atbegshi
package with kernel methods
)
\Hy@abspage=\count199
\c@Item=\count266
\c@Hfootnote=\count267
)
Package hyperref Info: Driver (autodetected): hpdftex.
(C:\Users\rianr\AppData\Local\Programs\MiKTeX\tex/latex/hyperref\hpdftex.def
File: hpdftex.def 2022-02-21 v7.00n Hyperref driver for pdfTeX
(C:\Users\rianr\AppData\Local\Programs\MiKTeX\tex/latex/base\atveryend-ltx.sty
Package: atveryend-ltx 2020/08/19 v1.0a Emulation of the original atveryend pac
kage
with kernel methods
)
\Fld@listcount=\count268
\c@bookmark@seq@number=\count269

(C:\Users\rianr\AppData\Local\Programs\MiKTeX\tex/latex/rerunfilecheck\rerunfil
echeck.sty
Package: rerunfilecheck 2019/12/05 v1.9 Rerun checks for auxiliary files (HO)

(C:\Users\rianr\AppData\Local\Programs\MiKTeX\tex/generic/uniquecounter\uniquec
ounter.sty
Package: uniquecounter 2019/12/15 v1.4 Provide unlimited unique counter (HO)
)
Package uniquecounter Info: New unique counter `rerunfilecheck' on input line 2
86.
)
\Hy@SectionHShift=\skip49
) (C:\Users\rianr\AppData\Local\Programs\MiKTeX\tex/latex/caption\caption.sty
Package: caption 2022/03/01 v3.6b Customizing captions (AR)
(C:\Users\rianr\AppData\Local\Programs\MiKTeX\tex/latex/caption\caption3.sty
Package: caption3 2022/03/17 v2.3b caption3 kernel (AR)
\caption@tempdima=\dimen145
\captionmargin=\dimen146
\caption@leftmargin=\dimen147
\caption@rightmargin=\dimen148
\caption@width=\dimen149
\caption@indent=\dimen150
\caption@parindent=\dimen151
\caption@hangindent=\dimen152
Package caption Info: Standard document class detected.
)
\c@caption@flags=\count270
\c@continuedfloat=\count271
Package caption Info: float package is loaded.
Package caption Info: hyperref package is loaded.
) (C:\Users\rianr\AppData\Local\Programs\MiKTeX\tex/latex/caption\subcaption.st
y
Package: subcaption 2022/01/07 v1.5 Sub-captions (AR)
\c@subfigure=\count272
\c@subtable=\count273
)
Package hyperref Info: Option `colorlinks' set `true' on input line 19.

(C:\Users\rianr\AppData\Local\Programs\MiKTeX\tex/latex/l3backend\l3backend-pdf
tex.def
File: l3backend-pdftex.def 2022-02-07 L3 backend support: PDF output (pdfTeX)
\l__color_backend_stack_int=\count274
\l__pdf_internal_box=\box52
) (report.aux)
\openout1 = `report.aux'.

LaTeX Font Info:    Checking defaults for OML/cmm/m/it on input line 28.
LaTeX Font Info:    ... okay on input line 28.
LaTeX Font Info:    Checking defaults for OMS/cmsy/m/n on input line 28.
LaTeX Font Info:    ... okay on input line 28.
LaTeX Font Info:    Checking defaults for OT1/cmr/m/n on input line 28.
LaTeX Font Info:    ... okay on input line 28.
LaTeX Font Info:    Checking defaults for T1/cmr/m/n on input line 28.
LaTeX Font Info:    ... okay on input line 28.
LaTeX Font Info:    Checking defaults for TS1/cmr/m/n on input line 28.
LaTeX Font Info:    ... okay on input line 28.
LaTeX Font Info:    Checking defaults for OMX/cmex/m/n on input line 28.
LaTeX Font Info:    ... okay on input line 28.
LaTeX Font Info:    Checking defaults for U/cmr/m/n on input line 28.
LaTeX Font Info:    ... okay on input line 28.
LaTeX Font Info:    Checking defaults for PD1/pdf/m/n on input line 28.
LaTeX Font Info:    ... okay on input line 28.
LaTeX Font Info:    Checking defaults for PU/pdf/m/n on input line 28.
LaTeX Font Info:    ... okay on input line 28.

(C:\Users\rianr\AppData\Local\Programs\MiKTeX\tex/context/base/mkii\supp-pdf.mk
ii
[Loading MPS to PDF converter (version 2006.09.02).]
\scratchcounter=\count275
\scratchdimen=\dimen153
\scratchbox=\box53
\nofMPsegments=\count276
\nofMParguments=\count277
\everyMPshowfont=\toks21
\MPscratchCnt=\count278
\MPscratchDim=\dimen154
\MPnumerator=\count279
\makeMPintoPDFobject=\count280
\everyMPtoPDFconversion=\toks22
)
(C:\Users\rianr\AppData\Local\Programs\MiKTeX\tex/latex/epstopdf-pkg\epstopdf-b
ase.sty
Package: epstopdf-base 2020-01-24 v2.11 Base part for package epstopdf
Package epstopdf-base Info: Redefining graphics rule for `.eps' on input line 4
85.

(C:\Users\rianr\AppData\Local\Programs\MiKTeX\tex/latex/00miktex\epstopdf-sys.c
fg
File: epstopdf-sys.cfg 2021/03/18 v2.0 Configuration of epstopdf for MiKTeX
)) (C:\Users\rianr\AppData\Local\Programs\MiKTeX\tex/latex/graphics\color.sty
Package: color 2021/12/07 v1.3c Standard LaTeX Color (DPC)
(C:\Users\rianr\AppData\Local\Programs\MiKTeX\tex/latex/graphics-cfg\color.cfg
File: color.cfg 2016/01/02 v1.6 sample color configuration
)
Package color Info: Driver file: pdftex.def on input line 149.
)
Package hyperref Info: Link coloring ON on input line 28.
(C:\Users\rianr\AppData\Local\Programs\MiKTeX\tex/latex/hyperref\nameref.sty
Package: nameref 2021-04-02 v2.47 Cross-referencing by name of section
(C:\Users\rianr\AppData\Local\Programs\MiKTeX\tex/latex/refcount\refcount.sty
Package: refcount 2019/12/15 v3.6 Data extraction from label references (HO)
)
(C:\Users\rianr\AppData\Local\Programs\MiKTeX\tex/generic/gettitlestring\gettit
lestring.sty
Package: gettitlestring 2019/12/15 v1.6 Cleanup title references (HO)
)
\c@section@level=\count281
)
LaTeX Info: Redefining \ref on input line 28.
LaTeX Info: Redefining \pageref on input line 28.
LaTeX Info: Redefining \nameref on input line 28.
(report.out) (report.out)
\@outlinefile=\write3
\openout3 = `report.out'.

Package caption Info: Begin \AtBeginDocument code.
Package caption Info: End \AtBeginDocument code.
LaTeX Font Info:    External font `cmex10' loaded for size
(Font)              <14.4> on input line 31.
LaTeX Font Info:    External font `cmex10' loaded for size
(Font)              <7> on input line 31.
[1

{C:/Users/rianr/AppData/Local/MiKTeX/fonts/map/pdftex/pdftex.map}] (report.toc
LaTeX Font Info:    External font `cmex10' loaded for size
(Font)              <12> on input line 5.
LaTeX Font Info:    External font `cmex10' loaded for size
(Font)              <8> on input line 5.
LaTeX Font Info:    External font `cmex10' loaded for size
(Font)              <6> on input line 5.
)
\tf@toc=\write4
\openout4 = `report.toc'.

[2]
<..//images/objetos3.png, id=56, 215.00325pt x 215.00325pt>
File: ..//images/objetos3.png Graphic file (type png)
<use ..//images/objetos3.png>
Package pdftex.def Info: ..//images/objetos3.png  used on input line 42.
(pdftex.def)             Requested size: 140.3969pt x 140.39674pt.
<..//processed/objetos3/monochromatic.png, id=57, 238.8925pt x 238.8925pt>
File: ..//processed/objetos3/monochromatic.png Graphic file (type png)
<use ..//processed/objetos3/monochromatic.png>
Package pdftex.def Info: ..//processed/objetos3/monochromatic.png  used on inpu
t line 47.
(pdftex.def)             Requested size: 140.3969pt x 140.39491pt.
<..//images/objetos2.png, id=58, 508.60013pt x 309.85762pt>
File: ..//images/objetos2.png Graphic file (type png)
<use ..//images/objetos2.png>
Package pdftex.def Info: ..//images/objetos2.png  used on input line 66.
(pdftex.def)             Requested size: 157.94785pt x 96.22507pt.
<..//processed/objetos2/border.png, id=59, 565.11125pt x 344.28625pt>
File: ..//processed/objetos2/border.png Graphic file (type png)
<use ..//processed/objetos2/border.png>
Package pdftex.def Info: ..//processed/objetos2/border.png  used on input line 
71.
(pdftex.def)             Requested size: 157.94785pt x 96.22612pt.
[3 <..//images/objetos3.png> <..//processed/objetos3/monochromatic.png (PNG cop
y)>]
File: ..//images/objetos3.png Graphic file (type png)
<use ..//images/objetos3.png>
Package pdftex.def Info: ..//images/objetos3.png  used on input line 101.
(pdftex.def)             Requested size: 157.94785pt x 157.94838pt.
<..//processed/objetos3/regions.png, id=67, 238.8925pt x 238.8925pt>
File: ..//processed/objetos3/regions.png Graphic file (type png)
<use ..//processed/objetos3/regions.png>
Package pdftex.def Info: ..//processed/objetos3/regions.png  used on input line
 106.
(pdftex.def)             Requested size: 157.94785pt x 157.94656pt.
[4 <..//images/objetos2.png> <..//processed/objetos2/border.png (PNG copy)>]
<..//images/objetos1.png, id=75, 508.60013pt x 295.40363pt>
File: ..//images/objetos1.png Graphic file (type png)
<use ..//images/objetos1.png>
Package pdftex.def Info: ..//images/objetos1.png  used on input line 146.
(pdftex.def)             Requested size: 157.94785pt x 91.73643pt.
<..//processed/objetos1/histogram.png, id=76, 462.528pt x 346.896pt>
File: ..//processed/objetos1/histogram.png Graphic file (type png)
<use ..//processed/objetos1/histogram.png>
Package pdftex.def Info: ..//processed/objetos1/histogram.png  used on input li
ne 151.
(pdftex.def)             Requested size: 195.0pt x 146.2511pt.
[5 <..//processed/objetos3/regions.png (PNG copy)>]
File: ..//images/objetos2.png Graphic file (type png)
<use ..//images/objetos2.png>
Package pdftex.def Info: ..//images/objetos2.png  used on input line 161.
(pdftex.def)             Requested size: 157.94785pt x 96.22507pt.
<..//processed/objetos2/histogram.png, id=83, 462.528pt x 346.896pt>
File: ..//processed/objetos2/histogram.png Graphic file (type png)
<use ..//processed/objetos2/histogram.png>
Package pdftex.def Info: ..//processed/objetos2/histogram.png  used on input li
ne 166.
(pdftex.def)             Requested size: 195.0pt x 146.2511pt.
File: ..//images/objetos3.png Graphic file (type png)
<use ..//images/objetos3.png>
Package pdftex.def Info: ..//images/objetos3.png  used on input line 176.
(pdftex.def)             Requested size: 105.30035pt x 105.30002pt.
<..//processed/objetos3/histogram.png, id=84, 462.528pt x 346.896pt>
File: ..//processed/objetos3/histogram.png Graphic file (type png)
<use ..//processed/objetos3/histogram.png>
Package pdftex.def Info: ..//processed/objetos3/histogram.png  used on input li
ne 181.
(pdftex.def)             Requested size: 195.0pt x 146.2511pt.
[6 <..//images/objetos1.png> <..//processed/objetos1/histogram.png> <..//proces
sed/objetos2/histogram.png>] [7 <..//processed/objetos3/histogram.png>] (report
.aux)
Package rerunfilecheck Info: File `report.out' has not changed.
(rerunfilecheck)             Checksum: FFC76FECFB5FDDE1D6BA749EDB4881F5;1186.
 ) 
Here is how much of TeX's memory you used:
 9762 strings out of 478582
 163383 string characters out of 2844344
 450755 words of memory out of 3000000
 27813 multiletter control sequences out of 15000+600000
 475111 words of font info for 47 fonts, out of 8000000 for 9000
 1141 hyphenation exceptions out of 8191
 60i,9n,63p,591b,334s stack positions out of 10000i,1000n,20000p,200000b,80000s
 <C:\Users\rianr\AppData\Local\MiKTeX\fonts/pk/ljfour/jknappen/ec/dpi600\tcrm
1200.pk><C:/Users/rianr/AppData/Local/Programs/MiKTeX/fonts/type1/public/amsfon
ts/cm/cmbx12.pfb><C:/Users/rianr/AppData/Local/Programs/MiKTeX/fonts/type1/publ
ic/amsfonts/cm/cmr12.pfb><C:/Users/rianr/AppData/Local/Programs/MiKTeX/fonts/ty
pe1/public/amsfonts/cm/cmr17.pfb><C:/Users/rianr/AppData/Local/Programs/MiKTeX/
fonts/type1/public/amsfonts/cm/cmti12.pfb>
Output written on report.pdf (7 pages, 145333 bytes).
PDF statistics:
 133 PDF objects out of 1000 (max. 8388607)
 25 named destinations out of 1000 (max. 500000)
 110 words of extra memory for PDF output out of 10000 (max. 10000000)

